
*** Running vivado
    with args -log seven_segment_display.vdi -applog -m64 -product Vivado -messageDb vivado.pb -mode batch -source seven_segment_display.tcl -notrace


****** Vivado v2023.2.2 (64-bit)
  **** SW Build 4126759 on Thu Feb  8 23:52:05 MST 2024
  **** IP Build 4126054 on Fri Feb  9 11:39:09 MST 2024
  **** SharedData Build 4115275 on Tue Jan 30 00:40:57 MST 2024
    ** Copyright 1986-2022 Xilinx, Inc. All Rights Reserved.
    ** Copyright 2022-2024 Advanced Micro Devices, Inc. All Rights Reserved.

source seven_segment_display.tcl -notrace
create_project: Time (s): cpu = 00:00:07 ; elapsed = 00:00:07 . Memory (MB): peak = 1317.441 ; gain = 0.023 ; free physical = 1466 ; free virtual = 8811
Command: link_design -top seven_segment_display -part xc7a35tcpg236-1
Design is defaulting to srcset: sources_1
Design is defaulting to constrset: constrs_1
INFO: [Device 21-403] Loading part xc7a35tcpg236-1
Netlist sorting complete. Time (s): cpu = 00:00:00.01 ; elapsed = 00:00:00 . Memory (MB): peak = 1638.543 ; gain = 0.000 ; free physical = 1171 ; free virtual = 8516
INFO: [Netlist 29-17] Analyzing 16 Unisim elements for replacement
INFO: [Netlist 29-28] Unisim Transformation completed in 0 CPU seconds
INFO: [Project 1-479] Netlist was created with Vivado 2023.2.2
INFO: [Project 1-570] Preparing netlist for logic optimization
Parsing XDC File [/home/eggwhat/clock_7_segment/clock_7_segment.srcs/constrs_1/imports/Downloads/Basys-3-Master.xdc]
Finished Parsing XDC File [/home/eggwhat/clock_7_segment/clock_7_segment.srcs/constrs_1/imports/Downloads/Basys-3-Master.xdc]
INFO: [Opt 31-138] Pushed 0 inverter(s) to 0 load pin(s).
Netlist sorting complete. Time (s): cpu = 00:00:00 ; elapsed = 00:00:00 . Memory (MB): peak = 1860.102 ; gain = 0.000 ; free physical = 1066 ; free virtual = 8411
INFO: [Project 1-111] Unisim Transformation Summary:
No Unisim elements were transformed.

7 Infos, 0 Warnings, 0 Critical Warnings and 0 Errors encountered.
link_design completed successfully
Command: opt_design
Attempting to get a license for feature 'Implementation' and/or device 'xc7a35t'
INFO: [Common 17-349] Got license for feature 'Implementation' and/or device 'xc7a35t'
Running DRC as a precondition to command opt_design

Starting DRC Task
INFO: [DRC 23-27] Running DRC with 8 threads
INFO: [Project 1-461] DRC finished with 0 Errors
INFO: [Project 1-462] Please refer to the DRC report (report_drc) for more information.

Time (s): cpu = 00:00:00.91 ; elapsed = 00:00:00.55 . Memory (MB): peak = 1941.879 ; gain = 75.805 ; free physical = 1042 ; free virtual = 8387

Starting Cache Timing Information Task
INFO: [Timing 38-35] Done setting XDC timing constraints.
Ending Cache Timing Information Task | Checksum: 82e205f7

Time (s): cpu = 00:00:05 ; elapsed = 00:00:05 . Memory (MB): peak = 2438.734 ; gain = 496.855 ; free physical = 647 ; free virtual = 7992

Starting Logic Optimization Task

Phase 1 Initialization

Phase 1.1 Core Generation And Design Setup
Phase 1.1 Core Generation And Design Setup | Checksum: 82e205f7

Time (s): cpu = 00:00:00 ; elapsed = 00:00:00 . Memory (MB): peak = 2741.570 ; gain = 0.000 ; free physical = 360 ; free virtual = 7705

Phase 1.2 Setup Constraints And Sort Netlist
Phase 1.2 Setup Constraints And Sort Netlist | Checksum: 82e205f7

Time (s): cpu = 00:00:00 ; elapsed = 00:00:00 . Memory (MB): peak = 2741.570 ; gain = 0.000 ; free physical = 360 ; free virtual = 7705
Phase 1 Initialization | Checksum: 82e205f7

Time (s): cpu = 00:00:00 ; elapsed = 00:00:00 . Memory (MB): peak = 2741.570 ; gain = 0.000 ; free physical = 360 ; free virtual = 7705

Phase 2 Timer Update And Timing Data Collection

Phase 2.1 Timer Update
Phase 2.1 Timer Update | Checksum: 82e205f7

Time (s): cpu = 00:00:00.01 ; elapsed = 00:00:00.01 . Memory (MB): peak = 2741.570 ; gain = 0.000 ; free physical = 360 ; free virtual = 7705

Phase 2.2 Timing Data Collection
Phase 2.2 Timing Data Collection | Checksum: 82e205f7

Time (s): cpu = 00:00:00.01 ; elapsed = 00:00:00.01 . Memory (MB): peak = 2741.570 ; gain = 0.000 ; free physical = 360 ; free virtual = 7705
Phase 2 Timer Update And Timing Data Collection | Checksum: 82e205f7

Time (s): cpu = 00:00:00.01 ; elapsed = 00:00:00.01 . Memory (MB): peak = 2741.570 ; gain = 0.000 ; free physical = 360 ; free virtual = 7705

Phase 3 Retarget
INFO: [Opt 31-138] Pushed 0 inverter(s) to 0 load pin(s).
INFO: [Opt 31-49] Retargeted 0 cell(s).
Phase 3 Retarget | Checksum: 82e205f7

Time (s): cpu = 00:00:00.02 ; elapsed = 00:00:00.02 . Memory (MB): peak = 2741.570 ; gain = 0.000 ; free physical = 360 ; free virtual = 7705
Retarget | Checksum: 82e205f7
INFO: [Opt 31-389] Phase Retarget created 0 cells and removed 0 cells

Phase 4 Constant propagation
INFO: [Opt 31-138] Pushed 0 inverter(s) to 0 load pin(s).
Phase 4 Constant propagation | Checksum: 82e205f7

Time (s): cpu = 00:00:00.02 ; elapsed = 00:00:00.03 . Memory (MB): peak = 2741.570 ; gain = 0.000 ; free physical = 360 ; free virtual = 7705
Constant propagation | Checksum: 82e205f7
INFO: [Opt 31-389] Phase Constant propagation created 0 cells and removed 0 cells

Phase 5 Sweep
Phase 5 Sweep | Checksum: f67204f7

Time (s): cpu = 00:00:00.03 ; elapsed = 00:00:00.03 . Memory (MB): peak = 2741.570 ; gain = 0.000 ; free physical = 360 ; free virtual = 7705
Sweep | Checksum: f67204f7
INFO: [Opt 31-389] Phase Sweep created 0 cells and removed 0 cells

Phase 6 BUFG optimization
Phase 6 BUFG optimization | Checksum: f67204f7

Time (s): cpu = 00:00:00.04 ; elapsed = 00:00:00.03 . Memory (MB): peak = 2773.586 ; gain = 32.016 ; free physical = 360 ; free virtual = 7705
BUFG optimization | Checksum: f67204f7
INFO: [Opt 31-662] Phase BUFG optimization created 0 cells of which 0 are BUFGs and removed 0 cells.

Phase 7 Shift Register Optimization
INFO: [Opt 31-1064] SRL Remap converted 0 SRLs to 0 registers and converted 0 registers of register chains to 0 SRLs
Phase 7 Shift Register Optimization | Checksum: f67204f7

Time (s): cpu = 00:00:00.04 ; elapsed = 00:00:00.03 . Memory (MB): peak = 2773.586 ; gain = 32.016 ; free physical = 360 ; free virtual = 7705
Shift Register Optimization | Checksum: f67204f7
INFO: [Opt 31-389] Phase Shift Register Optimization created 0 cells and removed 0 cells

Phase 8 Post Processing Netlist
Phase 8 Post Processing Netlist | Checksum: f67204f7

Time (s): cpu = 00:00:00.04 ; elapsed = 00:00:00.04 . Memory (MB): peak = 2773.586 ; gain = 32.016 ; free physical = 360 ; free virtual = 7705
Post Processing Netlist | Checksum: f67204f7
INFO: [Opt 31-389] Phase Post Processing Netlist created 0 cells and removed 0 cells

Phase 9 Finalization

Phase 9.1 Finalizing Design Cores and Updating Shapes
Phase 9.1 Finalizing Design Cores and Updating Shapes | Checksum: 1519a0e55

Time (s): cpu = 00:00:00.05 ; elapsed = 00:00:00.04 . Memory (MB): peak = 2773.586 ; gain = 32.016 ; free physical = 360 ; free virtual = 7705

Phase 9.2 Verifying Netlist Connectivity

Starting Connectivity Check Task

Time (s): cpu = 00:00:00 ; elapsed = 00:00:00 . Memory (MB): peak = 2773.586 ; gain = 0.000 ; free physical = 360 ; free virtual = 7705
Phase 9.2 Verifying Netlist Connectivity | Checksum: 1519a0e55

Time (s): cpu = 00:00:00.05 ; elapsed = 00:00:00.05 . Memory (MB): peak = 2773.586 ; gain = 32.016 ; free physical = 360 ; free virtual = 7705
Phase 9 Finalization | Checksum: 1519a0e55

Time (s): cpu = 00:00:00.05 ; elapsed = 00:00:00.05 . Memory (MB): peak = 2773.586 ; gain = 32.016 ; free physical = 360 ; free virtual = 7705
Opt_design Change Summary
=========================


-------------------------------------------------------------------------------------------------------------------------
|  Phase                        |  #Cells created  |  #Cells Removed  |  #Constrained objects preventing optimizations  |
-------------------------------------------------------------------------------------------------------------------------
|  Retarget                     |               0  |               0  |                                              0  |
|  Constant propagation         |               0  |               0  |                                              0  |
|  Sweep                        |               0  |               0  |                                              0  |
|  BUFG optimization            |               0  |               0  |                                              0  |
|  Shift Register Optimization  |               0  |               0  |                                              0  |
|  Post Processing Netlist      |               0  |               0  |                                              0  |
-------------------------------------------------------------------------------------------------------------------------


Ending Logic Optimization Task | Checksum: 1519a0e55

Time (s): cpu = 00:00:00.05 ; elapsed = 00:00:00.05 . Memory (MB): peak = 2773.586 ; gain = 32.016 ; free physical = 360 ; free virtual = 7705
INFO: [Constraints 18-11670] Building netlist checker database with flags, 0x8
Done building netlist checker database: Time (s): cpu = 00:00:00 ; elapsed = 00:00:00 . Memory (MB): peak = 2773.586 ; gain = 0.000 ; free physical = 360 ; free virtual = 7705

Starting Power Optimization Task
INFO: [Pwropt 34-132] Skipping clock gating for clocks with a period < 2.00 ns.
Ending Power Optimization Task | Checksum: 1519a0e55

Time (s): cpu = 00:00:00 ; elapsed = 00:00:00 . Memory (MB): peak = 2773.586 ; gain = 0.000 ; free physical = 359 ; free virtual = 7705

Starting Final Cleanup Task
Ending Final Cleanup Task | Checksum: 1519a0e55

Time (s): cpu = 00:00:00 ; elapsed = 00:00:00 . Memory (MB): peak = 2773.586 ; gain = 0.000 ; free physical = 359 ; free virtual = 7705

Starting Netlist Obfuscation Task
Netlist sorting complete. Time (s): cpu = 00:00:00 ; elapsed = 00:00:00 . Memory (MB): peak = 2773.586 ; gain = 0.000 ; free physical = 359 ; free virtual = 7705
Ending Netlist Obfuscation Task | Checksum: 1519a0e55

Time (s): cpu = 00:00:00 ; elapsed = 00:00:00 . Memory (MB): peak = 2773.586 ; gain = 0.000 ; free physical = 359 ; free virtual = 7705
INFO: [Common 17-83] Releasing license: Implementation
25 Infos, 0 Warnings, 0 Critical Warnings and 0 Errors encountered.
opt_design completed successfully
opt_design: Time (s): cpu = 00:00:08 ; elapsed = 00:00:08 . Memory (MB): peak = 2773.586 ; gain = 907.512 ; free physical = 359 ; free virtual = 7705
INFO: [runtcl-4] Executing : report_drc -file seven_segment_display_drc_opted.rpt -pb seven_segment_display_drc_opted.pb -rpx seven_segment_display_drc_opted.rpx
Command: report_drc -file seven_segment_display_drc_opted.rpt -pb seven_segment_display_drc_opted.pb -rpx seven_segment_display_drc_opted.rpx
INFO: [IP_Flow 19-234] Refreshing IP repositories
INFO: [IP_Flow 19-1704] No user IP repositories specified
INFO: [IP_Flow 19-2313] Loaded Vivado IP repository '/home/eggwhat/local/Vivado/Vivado/2023.2/data/ip'.
INFO: [DRC 23-27] Running DRC with 8 threads
INFO: [Vivado_Tcl 2-168] The results of DRC are in file /home/eggwhat/clock_7_segment/clock_7_segment.runs/impl_1/seven_segment_display_drc_opted.rpt.
report_drc completed successfully
INFO: [Timing 38-480] Writing timing data to binary archive.
Write ShapeDB Complete: Time (s): cpu = 00:00:00 ; elapsed = 00:00:00 . Memory (MB): peak = 2861.629 ; gain = 0.000 ; free physical = 345 ; free virtual = 7690
Wrote PlaceDB: Time (s): cpu = 00:00:00 ; elapsed = 00:00:00 . Memory (MB): peak = 2861.629 ; gain = 0.000 ; free physical = 345 ; free virtual = 7690
Wrote PulsedLatchDB: Time (s): cpu = 00:00:00 ; elapsed = 00:00:00 . Memory (MB): peak = 2861.629 ; gain = 0.000 ; free physical = 345 ; free virtual = 7690
Writing XDEF routing.
Writing XDEF routing logical nets.
Writing XDEF routing special nets.
Wrote RouteStorage: Time (s): cpu = 00:00:00.02 ; elapsed = 00:00:00.01 . Memory (MB): peak = 2861.629 ; gain = 0.000 ; free physical = 345 ; free virtual = 7690
Wrote Netlist Cache: Time (s): cpu = 00:00:00 ; elapsed = 00:00:00 . Memory (MB): peak = 2861.629 ; gain = 0.000 ; free physical = 345 ; free virtual = 7690
Wrote Device Cache: Time (s): cpu = 00:00:00.01 ; elapsed = 00:00:00.01 . Memory (MB): peak = 2861.629 ; gain = 0.000 ; free physical = 345 ; free virtual = 7690
Write Physdb Complete: Time (s): cpu = 00:00:00.04 ; elapsed = 00:00:00.02 . Memory (MB): peak = 2861.629 ; gain = 0.000 ; free physical = 345 ; free virtual = 7690
INFO: [Common 17-1381] The checkpoint '/home/eggwhat/clock_7_segment/clock_7_segment.runs/impl_1/seven_segment_display_opt.dcp' has been generated.
Command: place_design
Attempting to get a license for feature 'Implementation' and/or device 'xc7a35t'
INFO: [Common 17-349] Got license for feature 'Implementation' and/or device 'xc7a35t'
INFO: [Common 17-83] Releasing license: Implementation
INFO: [DRC 23-27] Running DRC with 8 threads
INFO: [Vivado_Tcl 4-198] DRC finished with 0 Errors
INFO: [Vivado_Tcl 4-199] Please refer to the DRC report (report_drc) for more information.
Running DRC as a precondition to command place_design
INFO: [DRC 23-27] Running DRC with 8 threads
INFO: [Vivado_Tcl 4-198] DRC finished with 0 Errors
INFO: [Vivado_Tcl 4-199] Please refer to the DRC report (report_drc) for more information.
INFO: [Place 30-611] Multithreading enabled for place_design using a maximum of 8 CPUs

Starting Placer Task

Phase 1 Placer Initialization

Phase 1.1 Placer Initialization Netlist Sorting
Netlist sorting complete. Time (s): cpu = 00:00:00 ; elapsed = 00:00:00 . Memory (MB): peak = 2861.629 ; gain = 0.000 ; free physical = 338 ; free virtual = 7684
Phase 1.1 Placer Initialization Netlist Sorting | Checksum: 9e68d229

Time (s): cpu = 00:00:00.01 ; elapsed = 00:00:00 . Memory (MB): peak = 2861.629 ; gain = 0.000 ; free physical = 338 ; free virtual = 7684
Netlist sorting complete. Time (s): cpu = 00:00:00 ; elapsed = 00:00:00 . Memory (MB): peak = 2861.629 ; gain = 0.000 ; free physical = 338 ; free virtual = 7684

Phase 1.2 IO Placement/ Clock Placement/ Build Placer Device
INFO: [Timing 38-35] Done setting XDC timing constraints.
Phase 1.2 IO Placement/ Clock Placement/ Build Placer Device | Checksum: 98c28853

Time (s): cpu = 00:00:00.34 ; elapsed = 00:00:00.14 . Memory (MB): peak = 2861.629 ; gain = 0.000 ; free physical = 325 ; free virtual = 7670

Phase 1.3 Build Placer Netlist Model
Phase 1.3 Build Placer Netlist Model | Checksum: 17c9a92b0

Time (s): cpu = 00:00:00.46 ; elapsed = 00:00:00.19 . Memory (MB): peak = 2861.629 ; gain = 0.000 ; free physical = 325 ; free virtual = 7670

Phase 1.4 Constrain Clocks/Macros
Phase 1.4 Constrain Clocks/Macros | Checksum: 17c9a92b0

Time (s): cpu = 00:00:00.47 ; elapsed = 00:00:00.19 . Memory (MB): peak = 2861.629 ; gain = 0.000 ; free physical = 325 ; free virtual = 7670
Phase 1 Placer Initialization | Checksum: 17c9a92b0

Time (s): cpu = 00:00:00.47 ; elapsed = 00:00:00.19 . Memory (MB): peak = 2861.629 ; gain = 0.000 ; free physical = 325 ; free virtual = 7670

Phase 2 Global Placement

Phase 2.1 Floorplanning
Phase 2.1 Floorplanning | Checksum: 142025543

Time (s): cpu = 00:00:00.56 ; elapsed = 00:00:00.21 . Memory (MB): peak = 2861.629 ; gain = 0.000 ; free physical = 314 ; free virtual = 7659

Phase 2.2 Update Timing before SLR Path Opt
Phase 2.2 Update Timing before SLR Path Opt | Checksum: 9a3efca4

Time (s): cpu = 00:00:00.61 ; elapsed = 00:00:00.22 . Memory (MB): peak = 2861.629 ; gain = 0.000 ; free physical = 313 ; free virtual = 7658

Phase 2.3 Post-Processing in Floorplanning
Phase 2.3 Post-Processing in Floorplanning | Checksum: 9a3efca4

Time (s): cpu = 00:00:00.61 ; elapsed = 00:00:00.22 . Memory (MB): peak = 2861.629 ; gain = 0.000 ; free physical = 313 ; free virtual = 7658

Phase 2.4 Global Placement Core

Phase 2.4.1 UpdateTiming Before Physical Synthesis
Phase 2.4.1 UpdateTiming Before Physical Synthesis | Checksum: 175cb402e

Time (s): cpu = 00:00:01 ; elapsed = 00:00:00.37 . Memory (MB): peak = 2861.629 ; gain = 0.000 ; free physical = 302 ; free virtual = 7648

Phase 2.4.2 Physical Synthesis In Placer
INFO: [Physopt 32-1044] Break lutnm for timing: one critical 0, two critical 0, total 0, new lutff created 0
INFO: [Physopt 32-1138] End 1 Pass. Optimized 0 net or LUT. Breaked 0 LUT, combined 0 existing LUT and moved 0 existing LUT
INFO: [Physopt 32-65] No nets found for high-fanout optimization.
INFO: [Physopt 32-232] Optimized 0 net. Created 0 new instance.
INFO: [Physopt 32-775] End 1 Pass. Optimized 0 net or cell. Created 0 new cell, deleted 0 existing cell and moved 0 existing cell
INFO: [Physopt 32-670] No setup violation found.  DSP Register Optimization was not performed.
INFO: [Physopt 32-670] No setup violation found.  Shift Register to Pipeline Optimization was not performed.
INFO: [Physopt 32-670] No setup violation found.  Shift Register Optimization was not performed.
INFO: [Physopt 32-670] No setup violation found.  BRAM Register Optimization was not performed.
INFO: [Physopt 32-670] No setup violation found.  URAM Register Optimization was not performed.
INFO: [Physopt 32-949] No candidate nets found for dynamic/static region interface net replication
INFO: [Physopt 32-775] End 1 Pass. Optimized 0 net or cell. Created 0 new cell, deleted 0 existing cell and moved 0 existing cell
Netlist sorting complete. Time (s): cpu = 00:00:00 ; elapsed = 00:00:00 . Memory (MB): peak = 2861.629 ; gain = 0.000 ; free physical = 308 ; free virtual = 7653

Summary of Physical Synthesis Optimizations
============================================


-----------------------------------------------------------------------------------------------------------------------------------------------------------
|  Optimization                                     |  Added Cells  |  Removed Cells  |  Optimized Cells/Nets  |  Dont Touch  |  Iterations  |  Elapsed   |
-----------------------------------------------------------------------------------------------------------------------------------------------------------
|  LUT Combining                                    |            0  |              0  |                     0  |           0  |           1  |  00:00:00  |
|  Retime                                           |            0  |              0  |                     0  |           0  |           1  |  00:00:00  |
|  Very High Fanout                                 |            0  |              0  |                     0  |           0  |           1  |  00:00:00  |
|  DSP Register                                     |            0  |              0  |                     0  |           0  |           0  |  00:00:00  |
|  Shift Register to Pipeline                       |            0  |              0  |                     0  |           0  |           0  |  00:00:00  |
|  Shift Register                                   |            0  |              0  |                     0  |           0  |           0  |  00:00:00  |
|  BRAM Register                                    |            0  |              0  |                     0  |           0  |           0  |  00:00:00  |
|  URAM Register                                    |            0  |              0  |                     0  |           0  |           0  |  00:00:00  |
|  Dynamic/Static Region Interface Net Replication  |            0  |              0  |                     0  |           0  |           1  |  00:00:00  |
|  Total                                            |            0  |              0  |                     0  |           0  |           4  |  00:00:00  |
-----------------------------------------------------------------------------------------------------------------------------------------------------------


Phase 2.4.2 Physical Synthesis In Placer | Checksum: 175cb402e

Time (s): cpu = 00:00:01 ; elapsed = 00:00:00.59 . Memory (MB): peak = 2861.629 ; gain = 0.000 ; free physical = 307 ; free virtual = 7653
Phase 2.4 Global Placement Core | Checksum: 1541bebbb

Time (s): cpu = 00:00:02 ; elapsed = 00:00:00.61 . Memory (MB): peak = 2861.629 ; gain = 0.000 ; free physical = 307 ; free virtual = 7652
Phase 2 Global Placement | Checksum: 1541bebbb

Time (s): cpu = 00:00:02 ; elapsed = 00:00:00.61 . Memory (MB): peak = 2861.629 ; gain = 0.000 ; free physical = 307 ; free virtual = 7652

Phase 3 Detail Placement

Phase 3.1 Commit Multi Column Macros
Phase 3.1 Commit Multi Column Macros | Checksum: bd4f6e05

Time (s): cpu = 00:00:02 ; elapsed = 00:00:00.62 . Memory (MB): peak = 2861.629 ; gain = 0.000 ; free physical = 307 ; free virtual = 7652

Phase 3.2 Commit Most Macros & LUTRAMs
Phase 3.2 Commit Most Macros & LUTRAMs | Checksum: bd909948

Time (s): cpu = 00:00:02 ; elapsed = 00:00:00.64 . Memory (MB): peak = 2861.629 ; gain = 0.000 ; free physical = 312 ; free virtual = 7657

Phase 3.3 Area Swap Optimization
Phase 3.3 Area Swap Optimization | Checksum: 166fcfae9

Time (s): cpu = 00:00:02 ; elapsed = 00:00:00.65 . Memory (MB): peak = 2861.629 ; gain = 0.000 ; free physical = 312 ; free virtual = 7657

Phase 3.4 Pipeline Register Optimization
Phase 3.4 Pipeline Register Optimization | Checksum: 166fcfae9

Time (s): cpu = 00:00:02 ; elapsed = 00:00:00.65 . Memory (MB): peak = 2861.629 ; gain = 0.000 ; free physical = 312 ; free virtual = 7657

Phase 3.5 Small Shape Detail Placement
Phase 3.5 Small Shape Detail Placement | Checksum: f6436566

Time (s): cpu = 00:00:02 ; elapsed = 00:00:00.74 . Memory (MB): peak = 2861.629 ; gain = 0.000 ; free physical = 310 ; free virtual = 7655

Phase 3.6 Re-assign LUT pins
Phase 3.6 Re-assign LUT pins | Checksum: e1739919

Time (s): cpu = 00:00:02 ; elapsed = 00:00:00.74 . Memory (MB): peak = 2861.629 ; gain = 0.000 ; free physical = 309 ; free virtual = 7655

Phase 3.7 Pipeline Register Optimization
Phase 3.7 Pipeline Register Optimization | Checksum: e1739919

Time (s): cpu = 00:00:02 ; elapsed = 00:00:00.75 . Memory (MB): peak = 2861.629 ; gain = 0.000 ; free physical = 309 ; free virtual = 7655
Phase 3 Detail Placement | Checksum: e1739919

Time (s): cpu = 00:00:02 ; elapsed = 00:00:00.75 . Memory (MB): peak = 2861.629 ; gain = 0.000 ; free physical = 309 ; free virtual = 7655

Phase 4 Post Placement Optimization and Clean-Up

Phase 4.1 Post Commit Optimization
INFO: [Timing 38-35] Done setting XDC timing constraints.

Phase 4.1.1 Post Placement Optimization
Post Placement Optimization Initialization | Checksum: 219508c4e

Phase 4.1.1.1 BUFG Insertion

Starting Physical Synthesis Task

Phase 1 Physical Synthesis Initialization
INFO: [Physopt 32-721] Multithreading enabled for phys_opt_design using a maximum of 8 CPUs
INFO: [Physopt 32-619] Estimated Timing Summary | WNS=6.744 | TNS=0.000 |
Phase 1 Physical Synthesis Initialization | Checksum: 20662e71a

Time (s): cpu = 00:00:00.04 ; elapsed = 00:00:00.01 . Memory (MB): peak = 2861.629 ; gain = 0.000 ; free physical = 309 ; free virtual = 7655
INFO: [Place 46-56] BUFG insertion identified 0 candidate nets. Inserted BUFG: 0, Replicated BUFG Driver: 0, Skipped due to Placement/Routing Conflicts: 0, Skipped due to Timing Degradation: 0, Skipped due to netlist editing failed: 0.
Ending Physical Synthesis Task | Checksum: 20662e71a

Time (s): cpu = 00:00:00.04 ; elapsed = 00:00:00.01 . Memory (MB): peak = 2861.629 ; gain = 0.000 ; free physical = 309 ; free virtual = 7655
Phase 4.1.1.1 BUFG Insertion | Checksum: 219508c4e

Time (s): cpu = 00:00:02 ; elapsed = 00:00:00.83 . Memory (MB): peak = 2861.629 ; gain = 0.000 ; free physical = 309 ; free virtual = 7655

Phase 4.1.1.2 Post Placement Timing Optimization
INFO: [Place 30-746] Post Placement Timing Summary WNS=6.744. For the most accurate timing information please run report_timing.
Phase 4.1.1.2 Post Placement Timing Optimization | Checksum: 15782fd5f

Time (s): cpu = 00:00:02 ; elapsed = 00:00:00.83 . Memory (MB): peak = 2861.629 ; gain = 0.000 ; free physical = 309 ; free virtual = 7655

Time (s): cpu = 00:00:02 ; elapsed = 00:00:00.83 . Memory (MB): peak = 2861.629 ; gain = 0.000 ; free physical = 309 ; free virtual = 7655
Phase 4.1 Post Commit Optimization | Checksum: 15782fd5f

Time (s): cpu = 00:00:02 ; elapsed = 00:00:00.83 . Memory (MB): peak = 2861.629 ; gain = 0.000 ; free physical = 309 ; free virtual = 7655

Phase 4.2 Post Placement Cleanup
Phase 4.2 Post Placement Cleanup | Checksum: 15782fd5f

Time (s): cpu = 00:00:02 ; elapsed = 00:00:00.83 . Memory (MB): peak = 2861.629 ; gain = 0.000 ; free physical = 309 ; free virtual = 7655

Phase 4.3 Placer Reporting

Phase 4.3.1 Print Estimated Congestion
INFO: [Place 30-612] Post-Placement Estimated Congestion 
 ____________________________________________________
|           | Global Congestion | Short Congestion  |
| Direction | Region Size       | Region Size       |
|___________|___________________|___________________|
|      North|                1x1|                1x1|
|___________|___________________|___________________|
|      South|                1x1|                1x1|
|___________|___________________|___________________|
|       East|                1x1|                1x1|
|___________|___________________|___________________|
|       West|                1x1|                1x1|
|___________|___________________|___________________|

Phase 4.3.1 Print Estimated Congestion | Checksum: 15782fd5f

Time (s): cpu = 00:00:02 ; elapsed = 00:00:00.83 . Memory (MB): peak = 2861.629 ; gain = 0.000 ; free physical = 309 ; free virtual = 7655
Phase 4.3 Placer Reporting | Checksum: 15782fd5f

Time (s): cpu = 00:00:02 ; elapsed = 00:00:00.83 . Memory (MB): peak = 2861.629 ; gain = 0.000 ; free physical = 309 ; free virtual = 7655

Phase 4.4 Final Placement Cleanup
Netlist sorting complete. Time (s): cpu = 00:00:00 ; elapsed = 00:00:00 . Memory (MB): peak = 2861.629 ; gain = 0.000 ; free physical = 309 ; free virtual = 7655

Time (s): cpu = 00:00:02 ; elapsed = 00:00:00.84 . Memory (MB): peak = 2861.629 ; gain = 0.000 ; free physical = 309 ; free virtual = 7655
Phase 4 Post Placement Optimization and Clean-Up | Checksum: f68ca4ee

Time (s): cpu = 00:00:02 ; elapsed = 00:00:00.84 . Memory (MB): peak = 2861.629 ; gain = 0.000 ; free physical = 309 ; free virtual = 7655
Ending Placer Task | Checksum: f23b527d

Time (s): cpu = 00:00:02 ; elapsed = 00:00:00.84 . Memory (MB): peak = 2861.629 ; gain = 0.000 ; free physical = 309 ; free virtual = 7655
61 Infos, 0 Warnings, 0 Critical Warnings and 0 Errors encountered.
place_design completed successfully
INFO: [runtcl-4] Executing : report_io -file seven_segment_display_io_placed.rpt
report_io: Time (s): cpu = 00:00:00.07 ; elapsed = 00:00:00.16 . Memory (MB): peak = 2861.629 ; gain = 0.000 ; free physical = 313 ; free virtual = 7658
INFO: [runtcl-4] Executing : report_utilization -file seven_segment_display_utilization_placed.rpt -pb seven_segment_display_utilization_placed.pb
INFO: [runtcl-4] Executing : report_control_sets -verbose -file seven_segment_display_control_sets_placed.rpt
report_control_sets: Time (s): cpu = 00:00:00.03 ; elapsed = 00:00:00.12 . Memory (MB): peak = 2861.629 ; gain = 0.000 ; free physical = 312 ; free virtual = 7657
INFO: [Timing 38-480] Writing timing data to binary archive.
Write ShapeDB Complete: Time (s): cpu = 00:00:00 ; elapsed = 00:00:00 . Memory (MB): peak = 2861.629 ; gain = 0.000 ; free physical = 312 ; free virtual = 7657
Wrote PlaceDB: Time (s): cpu = 00:00:00.03 ; elapsed = 00:00:00.02 . Memory (MB): peak = 2861.629 ; gain = 0.000 ; free physical = 312 ; free virtual = 7657
Wrote PulsedLatchDB: Time (s): cpu = 00:00:00 ; elapsed = 00:00:00 . Memory (MB): peak = 2861.629 ; gain = 0.000 ; free physical = 312 ; free virtual = 7657
Writing XDEF routing.
Writing XDEF routing logical nets.
Writing XDEF routing special nets.
Wrote RouteStorage: Time (s): cpu = 00:00:00.01 ; elapsed = 00:00:00.01 . Memory (MB): peak = 2861.629 ; gain = 0.000 ; free physical = 312 ; free virtual = 7658
Wrote Netlist Cache: Time (s): cpu = 00:00:00 ; elapsed = 00:00:00 . Memory (MB): peak = 2861.629 ; gain = 0.000 ; free physical = 312 ; free virtual = 7658
Wrote Device Cache: Time (s): cpu = 00:00:00.01 ; elapsed = 00:00:00 . Memory (MB): peak = 2861.629 ; gain = 0.000 ; free physical = 312 ; free virtual = 7658
Write Physdb Complete: Time (s): cpu = 00:00:00.05 ; elapsed = 00:00:00.03 . Memory (MB): peak = 2861.629 ; gain = 0.000 ; free physical = 312 ; free virtual = 7658
INFO: [Common 17-1381] The checkpoint '/home/eggwhat/clock_7_segment/clock_7_segment.runs/impl_1/seven_segment_display_placed.dcp' has been generated.
Command: phys_opt_design
Attempting to get a license for feature 'Implementation' and/or device 'xc7a35t'
INFO: [Common 17-349] Got license for feature 'Implementation' and/or device 'xc7a35t'

Starting Initial Update Timing Task

Time (s): cpu = 00:00:00.02 ; elapsed = 00:00:00.03 . Memory (MB): peak = 2861.629 ; gain = 0.000 ; free physical = 297 ; free virtual = 7643
INFO: [Vivado_Tcl 4-383] Design worst setup slack (WNS) is greater than or equal to 0.000 ns. Skipping all physical synthesis optimizations.
INFO: [Vivado_Tcl 4-232] No setup violation found. The netlist was not modified.
INFO: [Common 17-83] Releasing license: Implementation
70 Infos, 0 Warnings, 0 Critical Warnings and 0 Errors encountered.
phys_opt_design completed successfully
INFO: [Timing 38-480] Writing timing data to binary archive.
Write ShapeDB Complete: Time (s): cpu = 00:00:00 ; elapsed = 00:00:00.01 . Memory (MB): peak = 2861.629 ; gain = 0.000 ; free physical = 296 ; free virtual = 7642
Wrote PlaceDB: Time (s): cpu = 00:00:00.03 ; elapsed = 00:00:00.01 . Memory (MB): peak = 2861.629 ; gain = 0.000 ; free physical = 296 ; free virtual = 7642
Wrote PulsedLatchDB: Time (s): cpu = 00:00:00 ; elapsed = 00:00:00 . Memory (MB): peak = 2861.629 ; gain = 0.000 ; free physical = 296 ; free virtual = 7642
Writing XDEF routing.
Writing XDEF routing logical nets.
Writing XDEF routing special nets.
Wrote RouteStorage: Time (s): cpu = 00:00:00.02 ; elapsed = 00:00:00.01 . Memory (MB): peak = 2861.629 ; gain = 0.000 ; free physical = 295 ; free virtual = 7641
Wrote Netlist Cache: Time (s): cpu = 00:00:00 ; elapsed = 00:00:00.01 . Memory (MB): peak = 2861.629 ; gain = 0.000 ; free physical = 295 ; free virtual = 7641
Wrote Device Cache: Time (s): cpu = 00:00:00.01 ; elapsed = 00:00:00 . Memory (MB): peak = 2861.629 ; gain = 0.000 ; free physical = 293 ; free virtual = 7640
Write Physdb Complete: Time (s): cpu = 00:00:00.06 ; elapsed = 00:00:00.03 . Memory (MB): peak = 2861.629 ; gain = 0.000 ; free physical = 293 ; free virtual = 7640
INFO: [Common 17-1381] The checkpoint '/home/eggwhat/clock_7_segment/clock_7_segment.runs/impl_1/seven_segment_display_physopt.dcp' has been generated.
Command: route_design
Attempting to get a license for feature 'Implementation' and/or device 'xc7a35t'
INFO: [Common 17-349] Got license for feature 'Implementation' and/or device 'xc7a35t'
Running DRC as a precondition to command route_design
INFO: [DRC 23-27] Running DRC with 8 threads
INFO: [Vivado_Tcl 4-198] DRC finished with 0 Errors
INFO: [Vivado_Tcl 4-199] Please refer to the DRC report (report_drc) for more information.


Starting Routing Task
INFO: [Route 35-254] Multithreading enabled for route_design using a maximum of 8 CPUs

Phase 1 Build RT Design
Checksum: PlaceDB: 5bd5c4dd ConstDB: 0 ShapeSum: 96658da0 RouteDB: 0
Post Restoration Checksum: NetGraph: 7c8e115c | NumContArr: 5ba62cf0 | Constraints: c2a8fa9d | Timing: c2a8fa9d
Phase 1 Build RT Design | Checksum: 25d863386

Time (s): cpu = 00:00:15 ; elapsed = 00:00:13 . Memory (MB): peak = 2906.793 ; gain = 45.164 ; free physical = 155 ; free virtual = 7500

Phase 2 Router Initialization

Phase 2.1 Fix Topology Constraints
Phase 2.1 Fix Topology Constraints | Checksum: 25d863386

Time (s): cpu = 00:00:15 ; elapsed = 00:00:13 . Memory (MB): peak = 2906.793 ; gain = 45.164 ; free physical = 155 ; free virtual = 7500

Phase 2.2 Pre Route Cleanup
Phase 2.2 Pre Route Cleanup | Checksum: 25d863386

Time (s): cpu = 00:00:15 ; elapsed = 00:00:13 . Memory (MB): peak = 2906.793 ; gain = 45.164 ; free physical = 155 ; free virtual = 7500
 Number of Nodes with overlaps = 0

Phase 2.3 Update Timing
Phase 2.3 Update Timing | Checksum: 1e9de741d

Time (s): cpu = 00:00:15 ; elapsed = 00:00:13 . Memory (MB): peak = 2923.793 ; gain = 62.164 ; free physical = 251 ; free virtual = 7495
INFO: [Route 35-416] Intermediate Timing Summary | WNS=6.709  | TNS=0.000  | WHS=-0.067 | THS=-1.047 |


Router Utilization Summary
  Global Vertical Routing Utilization    = 0 %
  Global Horizontal Routing Utilization  = 0 %
  Routable Net Status*
  *Does not include unroutable nets such as driverless and loadless.
  Run report_route_status for detailed report.
  Number of Failed Nets               = 128
    (Failed Nets is the sum of unrouted and partially routed nets)
  Number of Unrouted Nets             = 128
  Number of Partially Routed Nets     = 0
  Number of Node Overlaps             = 0

Phase 2 Router Initialization | Checksum: 213254abe

Time (s): cpu = 00:00:16 ; elapsed = 00:00:13 . Memory (MB): peak = 2925.793 ; gain = 64.164 ; free physical = 248 ; free virtual = 7492

Phase 3 Initial Routing

Phase 3.1 Global Routing
Phase 3.1 Global Routing | Checksum: 213254abe

Time (s): cpu = 00:00:16 ; elapsed = 00:00:13 . Memory (MB): peak = 2925.793 ; gain = 64.164 ; free physical = 248 ; free virtual = 7492

Phase 3.2 Initial Net Routing
Phase 3.2 Initial Net Routing | Checksum: 21c435019

Time (s): cpu = 00:00:16 ; elapsed = 00:00:13 . Memory (MB): peak = 2925.793 ; gain = 64.164 ; free physical = 248 ; free virtual = 7492
Phase 3 Initial Routing | Checksum: 21c435019

Time (s): cpu = 00:00:16 ; elapsed = 00:00:13 . Memory (MB): peak = 2925.793 ; gain = 64.164 ; free physical = 248 ; free virtual = 7492

Phase 4 Rip-up And Reroute

Phase 4.1 Global Iteration 0
 Number of Nodes with overlaps = 8
 Number of Nodes with overlaps = 0
INFO: [Route 35-416] Intermediate Timing Summary | WNS=6.160  | TNS=0.000  | WHS=N/A    | THS=N/A    |

Phase 4.1 Global Iteration 0 | Checksum: 1c737927c

Time (s): cpu = 00:00:16 ; elapsed = 00:00:13 . Memory (MB): peak = 2925.793 ; gain = 64.164 ; free physical = 248 ; free virtual = 7492
Phase 4 Rip-up And Reroute | Checksum: 1c737927c

Time (s): cpu = 00:00:16 ; elapsed = 00:00:13 . Memory (MB): peak = 2925.793 ; gain = 64.164 ; free physical = 248 ; free virtual = 7492

Phase 5 Delay and Skew Optimization

Phase 5.1 Delay CleanUp
Phase 5.1 Delay CleanUp | Checksum: 1c737927c

Time (s): cpu = 00:00:16 ; elapsed = 00:00:13 . Memory (MB): peak = 2925.793 ; gain = 64.164 ; free physical = 248 ; free virtual = 7492

Phase 5.2 Clock Skew Optimization
Phase 5.2 Clock Skew Optimization | Checksum: 1c737927c

Time (s): cpu = 00:00:16 ; elapsed = 00:00:13 . Memory (MB): peak = 2925.793 ; gain = 64.164 ; free physical = 248 ; free virtual = 7492
Phase 5 Delay and Skew Optimization | Checksum: 1c737927c

Time (s): cpu = 00:00:16 ; elapsed = 00:00:13 . Memory (MB): peak = 2925.793 ; gain = 64.164 ; free physical = 248 ; free virtual = 7492

Phase 6 Post Hold Fix

Phase 6.1 Hold Fix Iter

Phase 6.1.1 Update Timing
Phase 6.1.1 Update Timing | Checksum: 258afe00b

Time (s): cpu = 00:00:16 ; elapsed = 00:00:13 . Memory (MB): peak = 2925.793 ; gain = 64.164 ; free physical = 248 ; free virtual = 7492
INFO: [Route 35-416] Intermediate Timing Summary | WNS=6.239  | TNS=0.000  | WHS=0.238  | THS=0.000  |

Phase 6.1 Hold Fix Iter | Checksum: 258afe00b

Time (s): cpu = 00:00:16 ; elapsed = 00:00:13 . Memory (MB): peak = 2925.793 ; gain = 64.164 ; free physical = 248 ; free virtual = 7492
Phase 6 Post Hold Fix | Checksum: 258afe00b

Time (s): cpu = 00:00:16 ; elapsed = 00:00:13 . Memory (MB): peak = 2925.793 ; gain = 64.164 ; free physical = 249 ; free virtual = 7492

Phase 7 Route finalize

Router Utilization Summary
  Global Vertical Routing Utilization    = 0.0192139 %
  Global Horizontal Routing Utilization  = 0.0187402 %
  Routable Net Status*
  *Does not include unroutable nets such as driverless and loadless.
  Run report_route_status for detailed report.
  Number of Failed Nets               = 0
    (Failed Nets is the sum of unrouted and partially routed nets)
  Number of Unrouted Nets             = 0
  Number of Partially Routed Nets     = 0
  Number of Node Overlaps             = 0

Phase 7 Route finalize | Checksum: 258afe00b

Time (s): cpu = 00:00:16 ; elapsed = 00:00:14 . Memory (MB): peak = 2925.793 ; gain = 64.164 ; free physical = 248 ; free virtual = 7492

Phase 8 Verifying routed nets

 Verification completed successfully
Phase 8 Verifying routed nets | Checksum: 258afe00b

Time (s): cpu = 00:00:16 ; elapsed = 00:00:14 . Memory (MB): peak = 2925.793 ; gain = 64.164 ; free physical = 248 ; free virtual = 7491

Phase 9 Depositing Routes
Phase 9 Depositing Routes | Checksum: 27e815ae3

Time (s): cpu = 00:00:16 ; elapsed = 00:00:14 . Memory (MB): peak = 2925.793 ; gain = 64.164 ; free physical = 248 ; free virtual = 7491

Phase 10 Post Router Timing
INFO: [Route 35-57] Estimated Timing Summary | WNS=6.239  | TNS=0.000  | WHS=0.238  | THS=0.000  |

INFO: [Route 35-327] The final timing numbers are based on the router estimated timing analysis. For a complete and accurate timing signoff, please run report_timing_summary.
Phase 10 Post Router Timing | Checksum: 27e815ae3

Time (s): cpu = 00:00:16 ; elapsed = 00:00:14 . Memory (MB): peak = 2925.793 ; gain = 64.164 ; free physical = 248 ; free virtual = 7491
INFO: [Route 35-16] Router Completed Successfully

Phase 11 Post-Route Event Processing
Phase 11 Post-Route Event Processing | Checksum: 165fbc141

Time (s): cpu = 00:00:16 ; elapsed = 00:00:14 . Memory (MB): peak = 2925.793 ; gain = 64.164 ; free physical = 248 ; free virtual = 7491
Ending Routing Task | Checksum: 165fbc141

Time (s): cpu = 00:00:16 ; elapsed = 00:00:14 . Memory (MB): peak = 2925.793 ; gain = 64.164 ; free physical = 248 ; free virtual = 7491

Routing Is Done.
INFO: [Common 17-83] Releasing license: Implementation
84 Infos, 0 Warnings, 0 Critical Warnings and 0 Errors encountered.
route_design completed successfully
route_design: Time (s): cpu = 00:00:17 ; elapsed = 00:00:14 . Memory (MB): peak = 2925.793 ; gain = 64.164 ; free physical = 248 ; free virtual = 7491
INFO: [runtcl-4] Executing : report_drc -file seven_segment_display_drc_routed.rpt -pb seven_segment_display_drc_routed.pb -rpx seven_segment_display_drc_routed.rpx
Command: report_drc -file seven_segment_display_drc_routed.rpt -pb seven_segment_display_drc_routed.pb -rpx seven_segment_display_drc_routed.rpx
INFO: [IP_Flow 19-1839] IP Catalog is up to date.
INFO: [DRC 23-27] Running DRC with 8 threads
INFO: [Vivado_Tcl 2-168] The results of DRC are in file /home/eggwhat/clock_7_segment/clock_7_segment.runs/impl_1/seven_segment_display_drc_routed.rpt.
report_drc completed successfully
INFO: [runtcl-4] Executing : report_methodology -file seven_segment_display_methodology_drc_routed.rpt -pb seven_segment_display_methodology_drc_routed.pb -rpx seven_segment_display_methodology_drc_routed.rpx
Command: report_methodology -file seven_segment_display_methodology_drc_routed.rpt -pb seven_segment_display_methodology_drc_routed.pb -rpx seven_segment_display_methodology_drc_routed.rpx
INFO: [Timing 38-35] Done setting XDC timing constraints.
INFO: [DRC 23-133] Running Methodology with 8 threads
INFO: [Vivado_Tcl 2-1520] The results of Report Methodology are in file /home/eggwhat/clock_7_segment/clock_7_segment.runs/impl_1/seven_segment_display_methodology_drc_routed.rpt.
report_methodology completed successfully
INFO: [runtcl-4] Executing : report_power -file seven_segment_display_power_routed.rpt -pb seven_segment_display_power_summary_routed.pb -rpx seven_segment_display_power_routed.rpx
Command: report_power -file seven_segment_display_power_routed.rpt -pb seven_segment_display_power_summary_routed.pb -rpx seven_segment_display_power_routed.rpx
INFO: [Timing 38-35] Done setting XDC timing constraints.
Running Vector-less Activity Propagation...

Finished Running Vector-less Activity Propagation
94 Infos, 0 Warnings, 0 Critical Warnings and 0 Errors encountered.
report_power completed successfully
INFO: [runtcl-4] Executing : report_route_status -file seven_segment_display_route_status.rpt -pb seven_segment_display_route_status.pb
INFO: [runtcl-4] Executing : report_timing_summary -max_paths 10 -report_unconstrained -file seven_segment_display_timing_summary_routed.rpt -pb seven_segment_display_timing_summary_routed.pb -rpx seven_segment_display_timing_summary_routed.rpx -warn_on_violation 
INFO: [Timing 38-91] UpdateTimingParams: Speed grade: -1, Delay Type: min_max.
INFO: [Timing 38-191] Multithreading enabled for timing update using a maximum of 8 CPUs
INFO: [runtcl-4] Executing : report_incremental_reuse -file seven_segment_display_incremental_reuse_routed.rpt
INFO: [Vivado_Tcl 4-1062] Incremental flow is disabled. No incremental reuse Info to report.
INFO: [runtcl-4] Executing : report_clock_utilization -file seven_segment_display_clock_utilization_routed.rpt
INFO: [runtcl-4] Executing : report_bus_skew -warn_on_violation -file seven_segment_display_bus_skew_routed.rpt -pb seven_segment_display_bus_skew_routed.pb -rpx seven_segment_display_bus_skew_routed.rpx
INFO: [Timing 38-91] UpdateTimingParams: Speed grade: -1, Delay Type: min_max.
INFO: [Timing 38-191] Multithreading enabled for timing update using a maximum of 8 CPUs
INFO: [Timing 38-480] Writing timing data to binary archive.
Write ShapeDB Complete: Time (s): cpu = 00:00:00 ; elapsed = 00:00:00 . Memory (MB): peak = 3032.680 ; gain = 0.000 ; free physical = 222 ; free virtual = 7466
Wrote PlaceDB: Time (s): cpu = 00:00:00.02 ; elapsed = 00:00:00.01 . Memory (MB): peak = 3032.680 ; gain = 0.000 ; free physical = 227 ; free virtual = 7471
Wrote PulsedLatchDB: Time (s): cpu = 00:00:00 ; elapsed = 00:00:00 . Memory (MB): peak = 3032.680 ; gain = 0.000 ; free physical = 227 ; free virtual = 7471
Writing XDEF routing.
Writing XDEF routing logical nets.
Writing XDEF routing special nets.
Wrote RouteStorage: Time (s): cpu = 00:00:00.02 ; elapsed = 00:00:00.01 . Memory (MB): peak = 3032.680 ; gain = 0.000 ; free physical = 226 ; free virtual = 7471
Wrote Netlist Cache: Time (s): cpu = 00:00:00 ; elapsed = 00:00:00 . Memory (MB): peak = 3032.680 ; gain = 0.000 ; free physical = 226 ; free virtual = 7471
Wrote Device Cache: Time (s): cpu = 00:00:00.01 ; elapsed = 00:00:00.01 . Memory (MB): peak = 3032.680 ; gain = 0.000 ; free physical = 226 ; free virtual = 7471
Write Physdb Complete: Time (s): cpu = 00:00:00.05 ; elapsed = 00:00:00.03 . Memory (MB): peak = 3032.680 ; gain = 0.000 ; free physical = 226 ; free virtual = 7471
INFO: [Common 17-1381] The checkpoint '/home/eggwhat/clock_7_segment/clock_7_segment.runs/impl_1/seven_segment_display_routed.dcp' has been generated.
INFO: [Common 17-206] Exiting Vivado at Tue May 21 20:02:05 2024...
